================================================================================
                    FAULT DETECTION SUMMARY REPORT
================================================================================

Experiment:         trainticket_evomaster_20260118032614
Generated:          2026-01-18 03:26:14
Test Folder:        generated_tests
Total Test Cases:   538

================================================================================
FAULT COVERAGE SUMMARY
================================================================================

Total Injected Faults:    10
Detected Faults:          6 (60.0%)
Undetected Faults:        4 (40.0%)

Detection Progress:
[##############################--------------------] 60.0%

================================================================================
DETECTED FAULTS (6)
================================================================================

1. INVALID_CONTACTS_NAME_FAULT
   Service:       ts-admin-order-service
   API:           POST /api/v1/adminorderservice/adminorder, PUT /api/v1/adminorderservice/adminorder
   Description:   Rejects order when contactsName is null, empty, or purely numeric
   Detections:    2 time(s)

   Detection #1:
     Test Class:  EvoMaster_others_Test
     Test Method: test_166_delete_on_d_returns_404
     API Path:    /api/v1/adminorderservice/adminorder
     Timestamp:   2026-01-18 03:26:14

   Detection #2:
     Test Class:  EvoMaster_others_Test
     Test Method: test_167_delete_on_adminord_returns_400
     API Path:    /api/v1/adminorderservice/adminorder
     Timestamp:   2026-01-18 03:26:14

--------------------------------------------------------------------------------

2. INVALID_SEAT_NUMBER_FAULT
   Service:       ts-admin-order-service
   API:           POST /api/v1/adminorderservice/adminorder, PUT /api/v1/adminorderservice/adminorder
   Description:   Rejects order when seatNumber doesn't follow format (digits + uppercase letter)
   Detections:    2 time(s)

   Detection #1:
     Test Class:  EvoMaster_others_Test
     Test Method: test_166_delete_on_d_returns_404
     API Path:    /api/v1/adminorderservice/adminorder
     Timestamp:   2026-01-18 03:26:14

   Detection #2:
     Test Class:  EvoMaster_others_Test
     Test Method: test_167_delete_on_adminord_returns_400
     API Path:    /api/v1/adminorderservice/adminorder
     Timestamp:   2026-01-18 03:26:14

--------------------------------------------------------------------------------

3. INVALID_TRIP_ID_FORMAT_FAULT
   Service:       ts-admin-travel-service
   API:           DELETE /api/v1/admintravelservice/admintravel/{tripId}
   Description:   Rejects trip deletion when tripId is null or empty
   Detections:    2 time(s)

   Detection #1:
     Test Class:  EvoMaster_others_Test
     Test Method: test_95_put_on_contacts_returns_400
     API Path:    /api/v1/admintravelservice/admintravel/{tripId}
     Timestamp:   2026-01-18 03:26:14

   Detection #2:
     Test Class:  EvoMaster_others_Test
     Test Method: test_96_delete_on_admintravel_returns_400
     API Path:    /api/v1/admintravelservice/admintravel/{tripId}
     Timestamp:   2026-01-18 03:26:14

--------------------------------------------------------------------------------

4. INVALID_TRIP_ID_LENGTH_FAULT
   Service:       ts-admin-travel-service
   API:           DELETE /api/v1/admintravelservice/admintravel/{tripId}
   Description:   Rejects trip deletion when tripId length is invalid
   Detections:    2 time(s)

   Detection #1:
     Test Class:  EvoMaster_others_Test
     Test Method: test_96_delete_on_admintravel_returns_400
     Timestamp:   2026-01-18 03:26:14

   Detection #2:
     Test Class:  EvoMaster_others_Test
     Test Method: test_95_put_on_contacts_returns_400
     API Path:    /api/v1/admintravelservice/admintravel/{tripId}
     Timestamp:   2026-01-18 03:26:14

--------------------------------------------------------------------------------

5. INSUFFICIENT_STATIONS_FAULT
   Service:       ts-admin-route-service
   API:           POST /api/v1/adminrouteservice/adminroute
   Description:   Rejects route creation when station list has fewer than 2 stations
   Detections:    2 time(s)

   Detection #1:
     Test Class:  EvoMaster_others_Test
     Test Method: test_11_post_on_adminroute_returns_400
     Timestamp:   2026-01-18 03:26:14

   Detection #2:
     Test Class:  EvoMaster_others_Test
     Test Method: test_10_get_on____returns_404
     API Path:    /api/v1/adminrouteservice/adminroute
     Timestamp:   2026-01-18 03:26:14

--------------------------------------------------------------------------------

6. INVALID_STATION_NAME_LENGTH_FAULT
   Service:       ts-admin-route-service
   API:           POST /api/v1/adminrouteservice/adminroute
   Description:   Rejects route creation when station name length is outside valid range
   Detections:    2 time(s)

   Detection #1:
     Test Class:  EvoMaster_others_Test
     Test Method: test_10_get_on____returns_404
     API Path:    /api/v1/adminrouteservice/adminroute
     Timestamp:   2026-01-18 03:26:14

   Detection #2:
     Test Class:  EvoMaster_others_Test
     Test Method: test_11_post_on_adminroute_returns_400
     API Path:    /api/v1/adminrouteservice/adminroute
     Timestamp:   2026-01-18 03:26:14

--------------------------------------------------------------------------------

================================================================================
UNDETECTED FAULTS (4)
================================================================================

1. INVALID_PRICE_RATE_FAULT
   Service:       ts-admin-basic-info-service
   API:           POST /api/v1/adminbasicservice/adminbasic/prices
   Description:   Rejects price creation when price rates are non-positive
   Status:        NOT DETECTED

   Trigger Conditions:
     - Check if the API endpoint was tested
     - Verify authentication is working for admin endpoints
     - Consider increasing test duration

--------------------------------------------------------------------------------

2. INVALID_ROUTE_ID_FAULT
   Service:       ts-admin-basic-info-service
   API:           POST /api/v1/adminbasicservice/adminbasic/prices
   Description:   Rejects price creation when routeId is null or empty
   Status:        NOT DETECTED

   Trigger Conditions:
     - Check if the API endpoint was tested
     - Verify authentication is working for admin endpoints
     - Consider increasing test duration

--------------------------------------------------------------------------------

3. INVALID_STATION_NAME_FAULT
   Service:       ts-travel-plan-service
   API:           POST /api/v1/travelplanservice/travelPlan/minStation
   Description:   Rejects travel plan when station names are null or empty
   Status:        NOT DETECTED

   Trigger Conditions:
     - Check if the API endpoint was tested
     - Verify authentication is working for admin endpoints
     - Consider increasing test duration

--------------------------------------------------------------------------------

4. INVALID_STATION_LENGTH_FAULT
   Service:       ts-travel-plan-service
   API:           POST /api/v1/travelplanservice/travelPlan/minStation
   Description:   Rejects travel plan when station name length is outside valid range
   Status:        NOT DETECTED

   Trigger Conditions:
     - Check if the API endpoint was tested
     - Verify authentication is working for admin endpoints
     - Consider increasing test duration

--------------------------------------------------------------------------------

================================================================================
DETECTION STATISTICS
================================================================================

Fault Name                                    Status          Count     
----------------------------------------------------------------------
INVALID_CONTACTS_NAME_FAULT                   DETECTED        2         
INVALID_SEAT_NUMBER_FAULT                     DETECTED        2         
INVALID_PRICE_RATE_FAULT                      NOT DETECTED    0         
INVALID_ROUTE_ID_FAULT                        NOT DETECTED    0         
INVALID_STATION_NAME_FAULT                    NOT DETECTED    0         
INVALID_STATION_LENGTH_FAULT                  NOT DETECTED    0         
INVALID_TRIP_ID_FORMAT_FAULT                  DETECTED        2         
INVALID_TRIP_ID_LENGTH_FAULT                  DETECTED        2         
INSUFFICIENT_STATIONS_FAULT                   DETECTED        2         
INVALID_STATION_NAME_LENGTH_FAULT             DETECTED        2         
----------------------------------------------------------------------
TOTAL                                         6/10             12        

================================================================================
END OF REPORT
================================================================================